<?xml version="1.0" encoding="UTF-8"?>
<!-- Generated by org.testng.reporters.JUnitReportReporter -->
<testsuite hostname="DESKTOP-QESGB3I" failures="0" tests="2" name="session14.ValidateXMLResponse" time="10.370" errors="0" timestamp="2026-02-08T11:12:32 IST" skipped="1">
  <testcase classname="session14.ValidateXMLResponse" name="addpetxml" time="10.370"/>
  <testcase classname="session14.ValidateXMLResponse" name="addpetjson">
    <skipped/>
  </testcase> <!-- addpetjson -->
</testsuite> <!-- session14.ValidateXMLResponse -->
