<?xml version="1.0" encoding="UTF-8"?>
<!-- Generated by org.testng.reporters.JUnitReportReporter -->
<testsuite hostname="DESKTOP-QESGB3I" failures="0" tests="2" name="Session4.authenticationVouth2_0" time="7.821" errors="0" timestamp="2026-02-05T22:46:54 IST" skipped="0">
  <testcase classname="Session4.authenticationVouth2_0" name="generateToken" time="7.322"/>
  <testcase classname="Session4.authenticationVouth2_0" name="APIAuthentication" time="0.499"/>
</testsuite> <!-- Session4.authenticationVouth2_0 -->
