<?xml version="1.0" encoding="UTF-8"?>
<!-- Generated by org.testng.reporters.JUnitReportReporter -->
<testsuite hostname="DESKTOP-QESGB3I" failures="0" tests="3" name="Session4.CheckForValidResponse" time="5.205" errors="0" timestamp="2026-01-12T22:45:23 IST" skipped="2">
  <testcase classname="Session4.CheckForValidResponse" name="getSinglUserBDD_Style" time="5.205"/>
  <testcase classname="Session4.CheckForValidResponse" name="getSingleUserValidatableResponse">
    <skipped/>
  </testcase> <!-- getSingleUserValidatableResponse -->
  <testcase classname="Session4.CheckForValidResponse" name="GetSingleUser">
    <skipped/>
  </testcase> <!-- GetSingleUser -->
</testsuite> <!-- Session4.CheckForValidResponse -->
