<?xml version="1.0" encoding="UTF-8"?>
<!-- Generated by org.testng.reporters.JUnitReportReporter -->
<testsuite hostname="DESKTOP-QESGB3I" failures="0" tests="4" name="session19.OwnAPITesting" time="3.504" errors="0" timestamp="2026-02-24T22:53:53 IST" skipped="1">
  <testcase classname="session19.OwnAPITesting" name="Updateuserdata" time="3.366"/>
  <testcase classname="session19.OwnAPITesting" name="Deleteuserdata" time="0.072"/>
  <testcase classname="session19.OwnAPITesting" name="readUserdata" time="0.066"/>
  <testcase classname="session19.OwnAPITesting" name="Createuserdata">
    <skipped/>
  </testcase> <!-- Createuserdata -->
</testsuite> <!-- session19.OwnAPITesting -->
