<?xml version="1.0" encoding="UTF-8"?>
<!-- Generated by org.testng.reporters.JUnitReportReporter -->
<testsuite hostname="DESKTOP-QESGB3I" failures="0" tests="4" name="session28.AddHeaderInrequestDemo" time="16.271" errors="0" timestamp="2026-03-03T10:43:49 IST" skipped="3">
  <testcase classname="session28.AddHeaderInrequestDemo" name="test4" time="16.271"/>
  <testcase classname="session28.AddHeaderInrequestDemo" name="test2">
    <skipped/>
  </testcase> <!-- test2 -->
  <testcase classname="session28.AddHeaderInrequestDemo" name="test3">
    <skipped/>
  </testcase> <!-- test3 -->
  <testcase classname="session28.AddHeaderInrequestDemo" name="test1">
    <skipped/>
  </testcase> <!-- test1 -->
</testsuite> <!-- session28.AddHeaderInrequestDemo -->
