<?xml version="1.0" encoding="UTF-8"?>
<testng-results ignored="0" total="1" passed="1" failed="0" skipped="0">
  <reporter-output>
  </reporter-output>
  <suite started-at="2026-03-03T12:38:33 IST" name="Default suite" finished-at="2026-03-03T12:38:44 IST" duration-ms="11131">
    <groups>
    </groups>
    <test started-at="2026-03-03T12:38:33 IST" name="Default test" finished-at="2026-03-03T12:38:44 IST" duration-ms="11131">
      <class name="session30.JsonschemaValidationDemo">
        <test-method signature="TestMethod()[pri:0, instance:session30.JsonschemaValidationDemo@5824a83d]" started-at="2026-03-03T12:38:33 IST" name="TestMethod" finished-at="2026-03-03T12:38:44 IST" duration-ms="11010" status="PASS">
          <reporter-output>
          </reporter-output>
        </test-method> <!-- TestMethod -->
      </class> <!-- session30.JsonschemaValidationDemo -->
    </test> <!-- Default test -->
  </suite> <!-- Default suite -->
</testng-results>
