<?xml version="1.0" encoding="UTF-8"?>
<testng-results ignored="0" total="1" passed="1" failed="0" skipped="0">
  <reporter-output>
  </reporter-output>
  <suite started-at="2026-01-13T23:36:16 IST" name="Default suite" finished-at="2026-01-13T23:36:24 IST" duration-ms="7209">
    <groups>
    </groups>
    <test started-at="2026-01-13T23:36:16 IST" name="Default test" finished-at="2026-01-13T23:36:24 IST" duration-ms="7209">
      <class name="Session4.ValidateResponseBody">
        <test-method signature="getuserbodyresponse()[pri:0, instance:Session4.ValidateResponseBody@55634720]" started-at="2026-01-13T23:36:17 IST" name="getuserbodyresponse" finished-at="2026-01-13T23:36:24 IST" duration-ms="7047" status="PASS">
          <reporter-output>
          </reporter-output>
        </test-method> <!-- getuserbodyresponse -->
      </class> <!-- Session4.ValidateResponseBody -->
    </test> <!-- Default test -->
  </suite> <!-- Default suite -->
</testng-results>
